2024-06-12 21:10:03.534 [info] Log level: Info
2024-06-12 21:10:03.534 [info] Validating found git in: "git"
2024-06-12 21:10:03.534 [info] Using git "2.34.1" from "git"
2024-06-12 21:10:03.534 [info] > git rev-parse --show-toplevel [5ms]
2024-06-12 21:10:03.534 [info] fatal: not a git repository (or any parent up to mount point /)
Stopping at filesystem boundary (GIT_DISCOVERY_ACROSS_FILESYSTEM not set).
2024-06-12 21:10:03.534 [info] > git rev-parse --show-toplevel [2ms]
2024-06-12 21:10:03.534 [info] fatal: not a git repository (or any parent up to mount point /)
Stopping at filesystem boundary (GIT_DISCOVERY_ACROSS_FILESYSTEM not set).
2024-06-12 21:10:03.534 [info] > git rev-parse --show-toplevel [2ms]
2024-06-12 21:10:03.534 [info] fatal: not a git repository (or any parent up to mount point /)
Stopping at filesystem boundary (GIT_DISCOVERY_ACROSS_FILESYSTEM not set).
2024-06-12 21:10:03.534 [info] > git rev-parse --show-toplevel [1ms]
2024-06-12 21:10:03.534 [info] fatal: not a git repository (or any parent up to mount point /)
Stopping at filesystem boundary (GIT_DISCOVERY_ACROSS_FILESYSTEM not set).
2024-06-12 21:10:03.534 [info] > git rev-parse --show-toplevel [2ms]
2024-06-12 21:10:03.534 [info] fatal: not a git repository (or any parent up to mount point /)
Stopping at filesystem boundary (GIT_DISCOVERY_ACROSS_FILESYSTEM not set).
2024-06-12 21:10:03.534 [info] > git rev-parse --show-toplevel [2ms]
2024-06-12 21:10:03.534 [info] fatal: not a git repository (or any parent up to mount point /)
Stopping at filesystem boundary (GIT_DISCOVERY_ACROSS_FILESYSTEM not set).
2024-06-12 21:10:03.534 [info] > git rev-parse --show-toplevel [2ms]
2024-06-12 21:10:03.534 [info] fatal: not a git repository (or any parent up to mount point /)
Stopping at filesystem boundary (GIT_DISCOVERY_ACROSS_FILESYSTEM not set).
2024-06-12 21:10:03.534 [info] > git rev-parse --show-toplevel [2ms]
2024-06-12 21:10:03.534 [info] fatal: not a git repository (or any parent up to mount point /)
Stopping at filesystem boundary (GIT_DISCOVERY_ACROSS_FILESYSTEM not set).
2024-06-12 21:10:03.534 [info] > git rev-parse --show-toplevel [2ms]
2024-06-12 21:10:03.534 [info] fatal: not a git repository (or any parent up to mount point /)
Stopping at filesystem boundary (GIT_DISCOVERY_ACROSS_FILESYSTEM not set).
2024-06-12 21:10:03.534 [info] > git rev-parse --show-toplevel [5ms]
2024-06-12 21:10:03.534 [info] fatal: not a git repository (or any parent up to mount point /)
Stopping at filesystem boundary (GIT_DISCOVERY_ACROSS_FILESYSTEM not set).
2024-06-12 21:10:03.534 [info] > git rev-parse --show-toplevel [10ms]
2024-06-12 21:10:03.534 [info] fatal: not a git repository (or any parent up to mount point /)
Stopping at filesystem boundary (GIT_DISCOVERY_ACROSS_FILESYSTEM not set).
2024-06-12 21:10:03.534 [info] > git rev-parse --show-toplevel [20ms]
2024-06-12 21:10:03.534 [info] fatal: not a git repository (or any parent up to mount point /)
Stopping at filesystem boundary (GIT_DISCOVERY_ACROSS_FILESYSTEM not set).
2024-06-12 21:10:03.534 [info] > git rev-parse --show-toplevel [24ms]
2024-06-12 21:10:03.534 [info] fatal: not a git repository (or any parent up to mount point /)
Stopping at filesystem boundary (GIT_DISCOVERY_ACROSS_FILESYSTEM not set).
2024-06-12 21:10:03.534 [info] > git rev-parse --show-toplevel [5ms]
2024-06-12 21:10:03.534 [info] fatal: not a git repository (or any parent up to mount point /)
Stopping at filesystem boundary (GIT_DISCOVERY_ACROSS_FILESYSTEM not set).
2024-06-12 21:10:03.536 [info] > git rev-parse --show-toplevel [2ms]
2024-06-12 21:10:03.536 [info] fatal: not a git repository (or any parent up to mount point /)
Stopping at filesystem boundary (GIT_DISCOVERY_ACROSS_FILESYSTEM not set).
2024-06-12 21:10:03.544 [info] > git rev-parse --show-toplevel [1ms]
2024-06-12 21:10:03.544 [info] fatal: not a git repository (or any parent up to mount point /)
Stopping at filesystem boundary (GIT_DISCOVERY_ACROSS_FILESYSTEM not set).
2024-06-12 21:10:04.563 [info] > git rev-parse --show-toplevel [98ms]
2024-06-12 21:10:04.564 [info] fatal: not a git repository (or any parent up to mount point /)
Stopping at filesystem boundary (GIT_DISCOVERY_ACROSS_FILESYSTEM not set).
2024-06-12 21:32:39.002 [info] > git rev-parse --show-toplevel [3ms]
2024-06-12 21:32:39.003 [info] fatal: not a git repository (or any parent up to mount point /)
Stopping at filesystem boundary (GIT_DISCOVERY_ACROSS_FILESYSTEM not set).
2024-06-12 21:32:42.190 [info] > git rev-parse --show-toplevel [4ms]
2024-06-12 21:32:42.190 [info] fatal: not a git repository (or any parent up to mount point /)
Stopping at filesystem boundary (GIT_DISCOVERY_ACROSS_FILESYSTEM not set).
2024-06-12 21:32:53.372 [info] > git rev-parse --show-toplevel [2ms]
2024-06-12 21:32:53.372 [info] fatal: not a git repository (or any parent up to mount point /)
Stopping at filesystem boundary (GIT_DISCOVERY_ACROSS_FILESYSTEM not set).
2024-06-12 21:33:21.496 [info] > git rev-parse --show-toplevel [3ms]
2024-06-12 21:33:21.496 [info] fatal: not a git repository (or any parent up to mount point /)
Stopping at filesystem boundary (GIT_DISCOVERY_ACROSS_FILESYSTEM not set).
2024-06-12 21:33:41.637 [info] > git rev-parse --show-toplevel [2ms]
2024-06-12 21:33:41.637 [info] fatal: not a git repository (or any parent up to mount point /)
Stopping at filesystem boundary (GIT_DISCOVERY_ACROSS_FILESYSTEM not set).
2024-06-12 21:33:57.832 [info] > git rev-parse --show-toplevel [2ms]
2024-06-12 21:33:57.832 [info] fatal: not a git repository (or any parent up to mount point /)
Stopping at filesystem boundary (GIT_DISCOVERY_ACROSS_FILESYSTEM not set).
2024-06-12 21:34:22.088 [info] > git rev-parse --show-toplevel [3ms]
2024-06-12 21:34:22.088 [info] fatal: not a git repository (or any parent up to mount point /)
Stopping at filesystem boundary (GIT_DISCOVERY_ACROSS_FILESYSTEM not set).
2024-06-12 21:34:38.308 [info] > git rev-parse --show-toplevel [2ms]
2024-06-12 21:34:38.308 [info] fatal: not a git repository (or any parent up to mount point /)
Stopping at filesystem boundary (GIT_DISCOVERY_ACROSS_FILESYSTEM not set).
2024-06-12 21:34:53.381 [info] > git rev-parse --show-toplevel [4ms]
2024-06-12 21:34:53.381 [info] fatal: not a git repository (or any parent up to mount point /)
Stopping at filesystem boundary (GIT_DISCOVERY_ACROSS_FILESYSTEM not set).
2024-06-12 21:35:16.423 [info] > git rev-parse --show-toplevel [1ms]
2024-06-12 21:35:16.423 [info] fatal: not a git repository (or any parent up to mount point /)
Stopping at filesystem boundary (GIT_DISCOVERY_ACROSS_FILESYSTEM not set).
2024-06-12 21:40:49.190 [info] > git rev-parse --show-toplevel [2ms]
2024-06-12 21:40:49.190 [info] fatal: not a git repository (or any parent up to mount point /)
Stopping at filesystem boundary (GIT_DISCOVERY_ACROSS_FILESYSTEM not set).
2024-06-12 21:41:41.705 [info] > git rev-parse --show-toplevel [2ms]
2024-06-12 21:41:41.705 [info] fatal: not a git repository (or any parent up to mount point /)
Stopping at filesystem boundary (GIT_DISCOVERY_ACROSS_FILESYSTEM not set).
2024-06-12 21:41:49.208 [info] > git rev-parse --show-toplevel [2ms]
2024-06-12 21:41:49.208 [info] fatal: not a git repository (or any parent up to mount point /)
Stopping at filesystem boundary (GIT_DISCOVERY_ACROSS_FILESYSTEM not set).
2024-06-12 21:42:05.295 [info] > git rev-parse --show-toplevel [2ms]
2024-06-12 21:42:05.295 [info] fatal: not a git repository (or any parent up to mount point /)
Stopping at filesystem boundary (GIT_DISCOVERY_ACROSS_FILESYSTEM not set).
2024-06-12 21:42:38.770 [info] > git rev-parse --show-toplevel [2ms]
2024-06-12 21:42:38.770 [info] fatal: not a git repository (or any parent up to mount point /)
Stopping at filesystem boundary (GIT_DISCOVERY_ACROSS_FILESYSTEM not set).
2024-06-12 21:42:59.133 [info] > git rev-parse --show-toplevel [5ms]
2024-06-12 21:42:59.133 [info] fatal: not a git repository (or any parent up to mount point /)
Stopping at filesystem boundary (GIT_DISCOVERY_ACROSS_FILESYSTEM not set).
2024-06-12 21:43:02.765 [info] > git rev-parse --show-toplevel [3ms]
2024-06-12 21:43:02.766 [info] fatal: not a git repository (or any parent up to mount point /)
Stopping at filesystem boundary (GIT_DISCOVERY_ACROSS_FILESYSTEM not set).
2024-06-12 21:50:16.620 [info] > git rev-parse --show-toplevel [1ms]
2024-06-12 21:50:16.620 [info] fatal: not a git repository (or any parent up to mount point /)
Stopping at filesystem boundary (GIT_DISCOVERY_ACROSS_FILESYSTEM not set).
2024-06-12 21:50:33.012 [info] > git rev-parse --show-toplevel [1ms]
2024-06-12 21:50:33.012 [info] fatal: not a git repository (or any parent up to mount point /)
Stopping at filesystem boundary (GIT_DISCOVERY_ACROSS_FILESYSTEM not set).
2024-06-12 21:50:46.206 [info] > git rev-parse --show-toplevel [1ms]
2024-06-12 21:50:46.206 [info] fatal: not a git repository (or any parent up to mount point /)
Stopping at filesystem boundary (GIT_DISCOVERY_ACROSS_FILESYSTEM not set).
2024-06-12 21:51:00.085 [info] > git rev-parse --show-toplevel [2ms]
2024-06-12 21:51:00.085 [info] fatal: not a git repository (or any parent up to mount point /)
Stopping at filesystem boundary (GIT_DISCOVERY_ACROSS_FILESYSTEM not set).
2024-06-12 21:52:53.181 [info] > git rev-parse --show-toplevel [2ms]
2024-06-12 21:52:53.181 [info] fatal: not a git repository (or any parent up to mount point /)
Stopping at filesystem boundary (GIT_DISCOVERY_ACROSS_FILESYSTEM not set).
2024-06-12 21:55:15.481 [info] > git rev-parse --show-toplevel [4ms]
2024-06-12 21:55:15.482 [info] fatal: not a git repository (or any parent up to mount point /)
Stopping at filesystem boundary (GIT_DISCOVERY_ACROSS_FILESYSTEM not set).
2024-06-12 22:00:33.104 [info] > git rev-parse --show-toplevel [1ms]
2024-06-12 22:00:33.105 [info] fatal: not a git repository (or any parent up to mount point /)
Stopping at filesystem boundary (GIT_DISCOVERY_ACROSS_FILESYSTEM not set).
2024-06-12 22:02:23.680 [info] > git rev-parse --show-toplevel [1ms]
2024-06-12 22:02:23.680 [info] fatal: not a git repository (or any parent up to mount point /)
Stopping at filesystem boundary (GIT_DISCOVERY_ACROSS_FILESYSTEM not set).
