Initializing document watcher...
Document watcher initialized
gayathriprasadkadiyala/gayatri/backend/appdb.py: {}
gayathriprasadkadiyala/gayatri/backend/backend-deployment.yaml: {}
gayathriprasadkadiyala/gayatri/backend/appdb.py: {}
gayathriprasadkadiyala/gayatri/backend/appdb.py: {}
gayathriprasadkadiyala/gayatri/backend/appdb.py: {}
gayathriprasadkadiyala/gayatri/backend/backend-deployment.yaml: {}
gayathriprasadkadiyala/gayatri/backend/backend-deployment.yaml: {}
gayathriprasadkadiyala/gayatri/backend/backend-deployment.yaml: {}
gayathriprasadkadiyala/gayatri/backend/backend-service.yaml: {}
gayathriprasadkadiyala/gayatri/backend/backend-service.yaml: {}
gayathriprasadkadiyala/gayatri/backend/backend-service.yaml: {}
gayathriprasadkadiyala/gayatri/backend/Dockerfile: {}
gayathriprasadkadiyala/gayatri/backend/Dockerfile: {}
gayathriprasadkadiyala/gayatri/backend/Dockerfile: {}
gayathriprasadkadiyala/gayatri/frontend/Dockerfile: {}
gayathriprasadkadiyala/gayatri/frontend/Dockerfile: {}
gayathriprasadkadiyala/gayatri/frontend/Dockerfile: {}
gayathriprasadkadiyala/gayatri/frontend/frontend-deployment.yaml: {}
gayathriprasadkadiyala/gayatri/frontend/frontend-deployment.yaml: {}
gayathriprasadkadiyala/gayatri/frontend/frontend-deployment.yaml: {}
gayathriprasadkadiyala/gayatri/frontend/frontend-service.yaml: {}
gayathriprasadkadiyala/gayatri/frontend/frontend-service.yaml: {}
gayathriprasadkadiyala/gayatri/frontend/frontend-service.yaml: {}
gayathriprasadkadiyala/gayatri/frontend/index.html: {}
gayathriprasadkadiyala/gayatri/frontend/index.html: {}
gayathriprasadkadiyala/gayatri/frontend/index.html: {}
gayathriprasadkadiyala/gayatri/frontend/index.html: {}
gayathriprasadkadiyala/gayatri/frontend/index.html: {}
gayathriprasadkadiyala/gayatri/backend/backend-service.yaml: {}
gayathriprasadkadiyala/gayatri/deployment/backend-service.yaml: {}
gayathriprasadkadiyala/gayatri/deployment/backend-service.yaml: {}
gayathriprasadkadiyala/gayatri/deployment/backend-service.yaml: {}
gayathriprasadkadiyala/gayatri/deployment/backend-service.yaml: {}
gayathriprasadkadiyala/gayatri/frontend/index.html: {}
gayathriprasadkadiyala/gayatri/frontend/index.html: {}
gayathriprasadkadiyala/gayatri/frontend/index.html: {}
gayathriprasadkadiyala/gayatri/frontend/index.html: {}
gayathriprasadkadiyala/gayatri/frontend/index.html: {}
