2024-05-28 20:09:06.906 [info] Log level: Info
2024-05-28 20:09:06.906 [info] Validating found git in: "git"
2024-05-28 20:09:06.906 [info] Using git "2.34.1" from "git"
2024-05-28 20:09:06.906 [info] > git rev-parse --show-toplevel [9ms]
2024-05-28 20:09:06.906 [info] fatal: not a git repository (or any parent up to mount point /)
Stopping at filesystem boundary (GIT_DISCOVERY_ACROSS_FILESYSTEM not set).
2024-05-28 20:09:06.906 [info] > git rev-parse --show-toplevel [5ms]
2024-05-28 20:09:06.906 [info] fatal: not a git repository (or any parent up to mount point /)
Stopping at filesystem boundary (GIT_DISCOVERY_ACROSS_FILESYSTEM not set).
2024-05-28 20:09:06.917 [info] > git rev-parse --show-toplevel [1ms]
2024-05-28 20:09:06.917 [info] fatal: not a git repository (or any parent up to mount point /)
Stopping at filesystem boundary (GIT_DISCOVERY_ACROSS_FILESYSTEM not set).
2024-05-28 20:09:06.927 [info] > git rev-parse --show-toplevel [2ms]
2024-05-28 20:09:06.927 [info] fatal: not a git repository (or any parent up to mount point /)
Stopping at filesystem boundary (GIT_DISCOVERY_ACROSS_FILESYSTEM not set).
2024-05-28 20:09:06.937 [info] > git rev-parse --show-toplevel [1ms]
2024-05-28 20:09:06.938 [info] fatal: not a git repository (or any parent up to mount point /)
Stopping at filesystem boundary (GIT_DISCOVERY_ACROSS_FILESYSTEM not set).
2024-05-28 20:09:06.948 [info] > git rev-parse --show-toplevel [1ms]
2024-05-28 20:09:06.948 [info] fatal: not a git repository (or any parent up to mount point /)
Stopping at filesystem boundary (GIT_DISCOVERY_ACROSS_FILESYSTEM not set).
2024-05-28 20:09:06.958 [info] > git rev-parse --show-toplevel [1ms]
2024-05-28 20:09:06.958 [info] fatal: not a git repository (or any parent up to mount point /)
Stopping at filesystem boundary (GIT_DISCOVERY_ACROSS_FILESYSTEM not set).
2024-05-28 20:09:06.968 [info] > git rev-parse --show-toplevel [1ms]
2024-05-28 20:09:06.968 [info] fatal: not a git repository (or any parent up to mount point /)
Stopping at filesystem boundary (GIT_DISCOVERY_ACROSS_FILESYSTEM not set).
2024-05-28 20:09:06.978 [info] > git rev-parse --show-toplevel [1ms]
2024-05-28 20:09:06.978 [info] fatal: not a git repository (or any parent up to mount point /)
Stopping at filesystem boundary (GIT_DISCOVERY_ACROSS_FILESYSTEM not set).
2024-05-28 20:09:13.513 [info] > git rev-parse --show-toplevel [2ms]
2024-05-28 20:09:13.513 [info] fatal: not a git repository (or any parent up to mount point /)
Stopping at filesystem boundary (GIT_DISCOVERY_ACROSS_FILESYSTEM not set).
2024-05-28 20:09:16.388 [info] > git rev-parse --show-toplevel [3ms]
2024-05-28 20:09:16.388 [info] fatal: not a git repository (or any parent up to mount point /)
Stopping at filesystem boundary (GIT_DISCOVERY_ACROSS_FILESYSTEM not set).
