2024-06-05 00:34:51.604 [info] Log level: Info
2024-06-05 00:34:51.604 [info] Validating found git in: "git"
2024-06-05 00:34:51.604 [info] Using git "2.34.1" from "git"
2024-06-05 00:34:51.604 [info] > git rev-parse --show-toplevel [2ms]
2024-06-05 00:34:51.604 [info] fatal: not a git repository (or any parent up to mount point /)
Stopping at filesystem boundary (GIT_DISCOVERY_ACROSS_FILESYSTEM not set).
2024-06-05 00:34:51.604 [info] > git rev-parse --show-toplevel [1ms]
2024-06-05 00:34:51.604 [info] fatal: not a git repository (or any parent up to mount point /)
Stopping at filesystem boundary (GIT_DISCOVERY_ACROSS_FILESYSTEM not set).
2024-06-05 00:34:51.604 [info] > git rev-parse --show-toplevel [2ms]
2024-06-05 00:34:51.604 [info] fatal: not a git repository (or any parent up to mount point /)
Stopping at filesystem boundary (GIT_DISCOVERY_ACROSS_FILESYSTEM not set).
2024-06-05 00:34:51.604 [info] > git rev-parse --show-toplevel [1ms]
2024-06-05 00:34:51.604 [info] fatal: not a git repository (or any parent up to mount point /)
Stopping at filesystem boundary (GIT_DISCOVERY_ACROSS_FILESYSTEM not set).
2024-06-05 00:34:51.604 [info] > git rev-parse --show-toplevel [1ms]
2024-06-05 00:34:51.604 [info] fatal: not a git repository (or any parent up to mount point /)
Stopping at filesystem boundary (GIT_DISCOVERY_ACROSS_FILESYSTEM not set).
2024-06-05 00:34:51.604 [info] > git rev-parse --show-toplevel [1ms]
2024-06-05 00:34:51.604 [info] fatal: not a git repository (or any parent up to mount point /)
Stopping at filesystem boundary (GIT_DISCOVERY_ACROSS_FILESYSTEM not set).
2024-06-05 00:34:51.604 [info] > git rev-parse --show-toplevel [2ms]
2024-06-05 00:34:51.604 [info] fatal: not a git repository (or any parent up to mount point /)
Stopping at filesystem boundary (GIT_DISCOVERY_ACROSS_FILESYSTEM not set).
2024-06-05 00:34:51.604 [info] > git rev-parse --show-toplevel [1ms]
2024-06-05 00:34:51.604 [info] fatal: not a git repository (or any parent up to mount point /)
Stopping at filesystem boundary (GIT_DISCOVERY_ACROSS_FILESYSTEM not set).
2024-06-05 00:34:51.604 [info] > git rev-parse --show-toplevel [2ms]
2024-06-05 00:34:51.604 [info] fatal: not a git repository (or any parent up to mount point /)
Stopping at filesystem boundary (GIT_DISCOVERY_ACROSS_FILESYSTEM not set).
2024-06-05 00:34:51.604 [info] > git rev-parse --show-toplevel [1ms]
2024-06-05 00:34:51.604 [info] fatal: not a git repository (or any parent up to mount point /)
Stopping at filesystem boundary (GIT_DISCOVERY_ACROSS_FILESYSTEM not set).
2024-06-05 00:34:51.604 [info] > git rev-parse --show-toplevel [1ms]
2024-06-05 00:34:51.604 [info] fatal: not a git repository (or any parent up to mount point /)
Stopping at filesystem boundary (GIT_DISCOVERY_ACROSS_FILESYSTEM not set).
2024-06-05 00:34:51.604 [info] > git rev-parse --show-toplevel [1ms]
2024-06-05 00:34:51.604 [info] fatal: not a git repository (or any parent up to mount point /)
Stopping at filesystem boundary (GIT_DISCOVERY_ACROSS_FILESYSTEM not set).
2024-06-05 00:34:51.604 [info] > git rev-parse --show-toplevel [2ms]
2024-06-05 00:34:51.604 [info] fatal: not a git repository (or any parent up to mount point /)
Stopping at filesystem boundary (GIT_DISCOVERY_ACROSS_FILESYSTEM not set).
2024-06-05 00:35:32.420 [info] > git rev-parse --show-toplevel [5ms]
2024-06-05 00:35:32.420 [info] fatal: not a git repository (or any parent up to mount point /)
Stopping at filesystem boundary (GIT_DISCOVERY_ACROSS_FILESYSTEM not set).
2024-06-05 00:35:34.314 [info] > git rev-parse --show-toplevel [1ms]
2024-06-05 00:35:34.314 [info] fatal: not a git repository (or any parent up to mount point /)
Stopping at filesystem boundary (GIT_DISCOVERY_ACROSS_FILESYSTEM not set).
2024-06-05 00:35:37.212 [info] > git rev-parse --show-toplevel [1ms]
2024-06-05 00:35:37.212 [info] fatal: not a git repository (or any parent up to mount point /)
Stopping at filesystem boundary (GIT_DISCOVERY_ACROSS_FILESYSTEM not set).
2024-06-05 00:35:41.432 [info] > git rev-parse --show-toplevel [2ms]
2024-06-05 00:35:41.432 [info] fatal: not a git repository (or any parent up to mount point /)
Stopping at filesystem boundary (GIT_DISCOVERY_ACROSS_FILESYSTEM not set).
2024-06-05 00:37:06.711 [info] > git rev-parse --show-toplevel [4ms]
2024-06-05 00:37:06.711 [info] fatal: not a git repository (or any parent up to mount point /)
Stopping at filesystem boundary (GIT_DISCOVERY_ACROSS_FILESYSTEM not set).
