2024-05-28 19:34:46.511 [info] Log level: Info
2024-05-28 19:34:46.511 [info] Validating found git in: "git"
2024-05-28 19:34:46.511 [info] Using git "2.34.1" from "git"
2024-05-28 19:34:46.511 [info] > git rev-parse --show-toplevel [11ms]
2024-05-28 19:34:46.511 [info] fatal: not a git repository (or any parent up to mount point /)
Stopping at filesystem boundary (GIT_DISCOVERY_ACROSS_FILESYSTEM not set).
2024-05-28 19:34:46.512 [info] > git rev-parse --show-toplevel [4ms]
2024-05-28 19:34:46.512 [info] fatal: not a git repository (or any parent up to mount point /)
Stopping at filesystem boundary (GIT_DISCOVERY_ACROSS_FILESYSTEM not set).
2024-05-28 19:34:46.531 [info] > git rev-parse --show-toplevel [3ms]
2024-05-28 19:34:46.531 [info] fatal: not a git repository (or any parent up to mount point /)
Stopping at filesystem boundary (GIT_DISCOVERY_ACROSS_FILESYSTEM not set).
2024-05-28 19:34:46.548 [info] > git rev-parse --show-toplevel [3ms]
2024-05-28 19:34:46.549 [info] fatal: not a git repository (or any parent up to mount point /)
Stopping at filesystem boundary (GIT_DISCOVERY_ACROSS_FILESYSTEM not set).
2024-05-28 19:34:46.721 [info] > git rev-parse --show-toplevel [156ms]
2024-05-28 19:34:46.721 [info] fatal: not a git repository (or any parent up to mount point /)
Stopping at filesystem boundary (GIT_DISCOVERY_ACROSS_FILESYSTEM not set).
2024-05-28 19:34:46.746 [info] > git rev-parse --show-toplevel [3ms]
2024-05-28 19:34:46.746 [info] fatal: not a git repository (or any parent up to mount point /)
Stopping at filesystem boundary (GIT_DISCOVERY_ACROSS_FILESYSTEM not set).
2024-05-28 19:34:46.767 [info] > git rev-parse --show-toplevel [5ms]
2024-05-28 19:34:46.767 [info] fatal: not a git repository (or any parent up to mount point /)
Stopping at filesystem boundary (GIT_DISCOVERY_ACROSS_FILESYSTEM not set).
2024-05-28 19:34:46.787 [info] > git rev-parse --show-toplevel [4ms]
2024-05-28 19:34:46.787 [info] fatal: not a git repository (or any parent up to mount point /)
Stopping at filesystem boundary (GIT_DISCOVERY_ACROSS_FILESYSTEM not set).
