2024-05-30 00:37:50.812 [info] Test server listening.
2024-05-30 00:37:50.812 [info] > conda info --json
2024-05-30 00:37:50.817 [info] Found: /bin/python --> /usr/bin/python3.10
2024-05-30 00:37:50.820 [info] Found: /bin/python2 --> /bin/python2.7
2024-05-30 00:37:50.821 [info] Found: /bin/python2.7 --> /bin/python2.7
2024-05-30 00:37:50.822 [info] Found: /bin/python3 --> /bin/python3.10
2024-05-30 00:37:50.824 [info] Found: /bin/python3.10 --> /bin/python3.10
2024-05-30 00:37:50.856 [info] Found: /usr/bin/python --> /usr/bin/python3.10
2024-05-30 00:37:50.857 [info] Found: /usr/bin/python2 --> /usr/bin/python2.7
2024-05-30 00:37:50.857 [info] Found: /usr/bin/python2.7 --> /usr/bin/python2.7
2024-05-30 00:37:50.858 [info] Found: /usr/bin/python3 --> /usr/bin/python3.10
2024-05-30 00:37:50.858 [info] Found: /usr/bin/python3.10 --> /usr/bin/python3.10
2024-05-30 00:37:50.901 [warning] Retry failed, storage update failed for key PYTHON_GLOBAL_STORAGE_KEYS
2024-05-30 00:37:50.901 [warning] Retry failed, storage update failed for key PYTHON_GLOBAL_STORAGE_KEYS
2024-05-30 00:37:50.937 [info] > /bin/python -I /google/devshell/editor/code-oss-for-cloud-shell/extensions/ms-python.python/pythonFiles/get_output_via_markers.py /google/devshell/editor/code-oss-for-cloud-shell/extensions/ms-python.python/pythonFiles/interpreterInfo.py
2024-05-30 00:37:51.042 [info] > /bin/python2 -I /google/devshell/editor/code-oss-for-cloud-shell/extensions/ms-python.python/pythonFiles/get_output_via_markers.py /google/devshell/editor/code-oss-for-cloud-shell/extensions/ms-python.python/pythonFiles/interpreterInfo.py
2024-05-30 00:37:51.045 [warning] Retry failed, storage update failed for key PYTHON_GLOBAL_STORAGE_KEYS
2024-05-30 00:37:51.046 [warning] Retry failed, storage update failed for key PYTHON_GLOBAL_STORAGE_KEYS
2024-05-30 00:37:51.046 [warning] Retry failed, storage update failed for key PYTHON_GLOBAL_STORAGE_KEYS
2024-05-30 00:37:51.046 [warning] Retry failed, storage update failed for key PYTHON_GLOBAL_STORAGE_KEYS
2024-05-30 00:37:51.047 [warning] Retry failed, storage update failed for key PYTHON_GLOBAL_STORAGE_KEYS
2024-05-30 00:37:51.047 [warning] Retry failed, storage update failed for key PYTHON_WORKSPACE_STORAGE_KEYS
2024-05-30 00:37:51.047 [warning] Retry failed, storage update failed for key PYTHON_WORKSPACE_STORAGE_KEYS
2024-05-30 00:37:51.047 [warning] Retry failed, storage update failed for key PYTHON_WORKSPACE_STORAGE_KEYS
2024-05-30 00:37:51.112 [info] > /bin/python3 -I /google/devshell/editor/code-oss-for-cloud-shell/extensions/ms-python.python/pythonFiles/get_output_via_markers.py /google/devshell/editor/code-oss-for-cloud-shell/extensions/ms-python.python/pythonFiles/interpreterInfo.py
2024-05-30 00:37:51.197 [info] > /usr/bin/python2 -I /google/devshell/editor/code-oss-for-cloud-shell/extensions/ms-python.python/pythonFiles/get_output_via_markers.py /google/devshell/editor/code-oss-for-cloud-shell/extensions/ms-python.python/pythonFiles/interpreterInfo.py
2024-05-30 00:37:51.202 [warning] Error: Command failed: /bin/python2 -I /google/devshell/editor/code-oss-for-cloud-shell/extensions/ms-python.python/pythonFiles/get_output_via_markers.py /google/devshell/editor/code-oss-for-cloud-shell/extensions/ms-python.python/pythonFiles/interpreterInfo.py
Unknown option: -I
usage: /bin/python2 [option] ... [-c cmd | -m mod | file | -] [arg] ...
Try `python -h' for more information.

    at ChildProcess.exithandler (node:child_process:419:12)
    at ChildProcess.emit (node:events:513:28)
    at maybeClose (node:internal/child_process:1091:16)
    at Socket.<anonymous> (node:internal/child_process:449:11)
    at Socket.emit (node:events:513:28)
    at Pipe.<anonymous> (node:net:322:12) {
  code: 2,
  killed: false,
  signal: null,
  cmd: '/bin/python2 -I /google/devshell/editor/code-oss-for-cloud-shell/extensions/ms-python.python/pythonFiles/get_output_via_markers.py /google/devshell/editor/code-oss-for-cloud-shell/extensions/ms-python.python/pythonFiles/interpreterInfo.py'
}
2024-05-30 00:37:51.207 [error] Support for Python 2.7 has been dropped by the Python extension so certain features may not work, upgrade to using Python 3.
2024-05-30 00:37:51.321 [info] > /bin/python2 /google/devshell/editor/code-oss-for-cloud-shell/extensions/ms-python.python/pythonFiles/get_output_via_markers.py /google/devshell/editor/code-oss-for-cloud-shell/extensions/ms-python.python/pythonFiles/interpreterInfo.py
2024-05-30 00:37:51.336 [warning] Error: Command failed: /usr/bin/python2 -I /google/devshell/editor/code-oss-for-cloud-shell/extensions/ms-python.python/pythonFiles/get_output_via_markers.py /google/devshell/editor/code-oss-for-cloud-shell/extensions/ms-python.python/pythonFiles/interpreterInfo.py
Unknown option: -I
usage: /usr/bin/python2 [option] ... [-c cmd | -m mod | file | -] [arg] ...
Try `python -h' for more information.

    at ChildProcess.exithandler (node:child_process:419:12)
    at ChildProcess.emit (node:events:513:28)
    at maybeClose (node:internal/child_process:1091:16)
    at Socket.<anonymous> (node:internal/child_process:449:11)
    at Socket.emit (node:events:513:28)
    at Pipe.<anonymous> (node:net:322:12) {
  code: 2,
  killed: false,
  signal: null,
  cmd: '/usr/bin/python2 -I /google/devshell/editor/code-oss-for-cloud-shell/extensions/ms-python.python/pythonFiles/get_output_via_markers.py /google/devshell/editor/code-oss-for-cloud-shell/extensions/ms-python.python/pythonFiles/interpreterInfo.py'
}
2024-05-30 00:37:51.336 [error] Support for Python 2.7 has been dropped by the Python extension so certain features may not work, upgrade to using Python 3.
2024-05-30 00:37:51.422 [info] > /usr/bin/python2 /google/devshell/editor/code-oss-for-cloud-shell/extensions/ms-python.python/pythonFiles/get_output_via_markers.py /google/devshell/editor/code-oss-for-cloud-shell/extensions/ms-python.python/pythonFiles/interpreterInfo.py
2024-05-30 00:37:51.597 [info] Python interpreter path: /bin/python
2024-05-30 00:37:51.881 [warning] Retry failed, storage update failed for key PYTHON_GLOBAL_STORAGE_KEYS
2024-05-30 00:37:51.881 [warning] Retry failed, storage update failed for key PYTHON_GLOBAL_STORAGE_KEYS
2024-05-30 00:37:54.440 [info] Starting Jedi language server for gayathriprasadkadiyala.
2024-05-30 00:39:13.493 [info] Discover tests for workspace name: gayathriprasadkadiyala - uri: /home/gayathriprasadkadiyala/.codeoss/data/User/History/437434ed/Gst4.py
2024-05-30 00:41:39.817 [info] Discover tests for workspace name: gayathriprasadkadiyala - uri: /home/gayathriprasadkadiyala/flask-app/app.py
