0 verbose cli /usr/local/nvm/versions/node/v20.14.0/bin/node /usr/local/nvm/versions/node/v20.14.0/bin/npm
0 verbose cli /usr/local/nvm/versions/node/v20.14.0/bin/node /usr/local/nvm/versions/node/v20.14.0/bin/npm
1 info using npm@10.8.1
1 info using npm@10.8.1
2 info using node@v20.14.0
2 info using node@v20.14.0
3 silly config load:file:/usr/local/nvm/versions/node/v20.14.0/lib/node_modules/npm/npmrc
3 silly config load:file:/usr/local/nvm/versions/node/v20.14.0/lib/node_modules/npm/npmrc
4 silly config load:file:/google/devshell/editor/code-oss-for-cloud-shell/.npmrc
4 silly config load:file:/home/gayathriprasadkadiyala/.npmrc
5 silly config load:file:/home/gayathriprasadkadiyala/.npmrc
5 silly config load:file:/usr/local/nvm/versions/node/v20.14.0/etc/npmrc
6 silly config load:file:/usr/local/nvm/versions/node/v20.14.0/etc/npmrc
6 verbose title npm config get prefix
7 verbose argv "config" "--loglevel" "warn" "get" "prefix"
7 verbose title npm config get prefix
8 verbose argv "config" "--loglevel" "warn" "get" "prefix"
8 verbose logfile logs-max:10 dir:/home/gayathriprasadkadiyala/.npm/_logs/2024-06-12T22_43_47_787Z-
9 verbose logfile logs-max:10 dir:/home/gayathriprasadkadiyala/.npm/_logs/2024-06-12T22_43_47_787Z-
9 verbose logfile /home/gayathriprasadkadiyala/.npm/_logs/2024-06-12T22_43_47_787Z-debug-0.log
10 verbose logfile /home/gayathriprasadkadiyala/.npm/_logs/2024-06-12T22_43_47_787Z-debug-0.log
11 verbose cwd /google/devshell/editor/code-oss-for-cloud-shell
12 verbose os Linux 6.1.85+
13 verbose node v20.14.0
14 verbose npm  v10.8.1
10 verbose cwd /home/gayathriprasadkadiyala
11 verbose os Linux 6.1.85+
12 verbose node v20.14.0
15 verbose exit 0
13 verbose npm  v10.8.1
16 info ok
14 verbose exit 0
15 info ok
