2024-06-06 00:08:45.162 [info] Log level: Info
2024-06-06 00:08:45.162 [info] Validating found git in: "git"
2024-06-06 00:08:45.162 [info] Using git "2.34.1" from "git"
2024-06-06 00:08:45.162 [info] > git rev-parse --show-toplevel [8ms]
2024-06-06 00:08:45.162 [info] fatal: not a git repository (or any parent up to mount point /)
Stopping at filesystem boundary (GIT_DISCOVERY_ACROSS_FILESYSTEM not set).
2024-06-06 00:08:45.164 [info] > git rev-parse --show-toplevel [2ms]
2024-06-06 00:08:45.164 [info] fatal: not a git repository (or any parent up to mount point /)
Stopping at filesystem boundary (GIT_DISCOVERY_ACROSS_FILESYSTEM not set).
2024-06-06 00:08:45.173 [info] > git rev-parse --show-toplevel [1ms]
2024-06-06 00:08:45.173 [info] fatal: not a git repository (or any parent up to mount point /)
Stopping at filesystem boundary (GIT_DISCOVERY_ACROSS_FILESYSTEM not set).
2024-06-06 00:08:45.182 [info] > git rev-parse --show-toplevel [2ms]
2024-06-06 00:08:45.182 [info] fatal: not a git repository (or any parent up to mount point /)
Stopping at filesystem boundary (GIT_DISCOVERY_ACROSS_FILESYSTEM not set).
2024-06-06 00:08:45.191 [info] > git rev-parse --show-toplevel [2ms]
2024-06-06 00:08:45.191 [info] fatal: not a git repository (or any parent up to mount point /)
Stopping at filesystem boundary (GIT_DISCOVERY_ACROSS_FILESYSTEM not set).
2024-06-06 00:08:45.199 [info] > git rev-parse --show-toplevel [2ms]
2024-06-06 00:08:45.199 [info] fatal: not a git repository (or any parent up to mount point /)
Stopping at filesystem boundary (GIT_DISCOVERY_ACROSS_FILESYSTEM not set).
2024-06-06 00:08:45.208 [info] > git rev-parse --show-toplevel [2ms]
2024-06-06 00:08:45.208 [info] fatal: not a git repository (or any parent up to mount point /)
Stopping at filesystem boundary (GIT_DISCOVERY_ACROSS_FILESYSTEM not set).
2024-06-06 00:08:45.216 [info] > git rev-parse --show-toplevel [1ms]
2024-06-06 00:08:45.217 [info] fatal: not a git repository (or any parent up to mount point /)
Stopping at filesystem boundary (GIT_DISCOVERY_ACROSS_FILESYSTEM not set).
2024-06-06 00:08:45.227 [info] > git rev-parse --show-toplevel [4ms]
2024-06-06 00:08:45.227 [info] fatal: not a git repository (or any parent up to mount point /)
Stopping at filesystem boundary (GIT_DISCOVERY_ACROSS_FILESYSTEM not set).
2024-06-06 00:08:45.235 [info] > git rev-parse --show-toplevel [1ms]
2024-06-06 00:08:45.235 [info] fatal: not a git repository (or any parent up to mount point /)
Stopping at filesystem boundary (GIT_DISCOVERY_ACROSS_FILESYSTEM not set).
2024-06-06 00:08:45.243 [info] > git rev-parse --show-toplevel [1ms]
2024-06-06 00:08:45.243 [info] fatal: not a git repository (or any parent up to mount point /)
Stopping at filesystem boundary (GIT_DISCOVERY_ACROSS_FILESYSTEM not set).
2024-06-06 00:08:45.252 [info] > git rev-parse --show-toplevel [2ms]
2024-06-06 00:08:45.252 [info] fatal: not a git repository (or any parent up to mount point /)
Stopping at filesystem boundary (GIT_DISCOVERY_ACROSS_FILESYSTEM not set).
2024-06-06 00:08:45.260 [info] > git rev-parse --show-toplevel [2ms]
2024-06-06 00:08:45.260 [info] fatal: not a git repository (or any parent up to mount point /)
Stopping at filesystem boundary (GIT_DISCOVERY_ACROSS_FILESYSTEM not set).
2024-06-06 00:09:05.135 [info] > git rev-parse --show-toplevel [1ms]
2024-06-06 00:09:05.135 [info] fatal: not a git repository (or any parent up to mount point /)
Stopping at filesystem boundary (GIT_DISCOVERY_ACROSS_FILESYSTEM not set).
2024-06-06 00:09:10.809 [info] > git rev-parse --show-toplevel [2ms]
2024-06-06 00:09:10.809 [info] fatal: not a git repository (or any parent up to mount point /)
Stopping at filesystem boundary (GIT_DISCOVERY_ACROSS_FILESYSTEM not set).
