2024-06-06 01:01:54.053 [info] Log level: Info
2024-06-06 01:01:54.054 [info] Validating found git in: "git"
2024-06-06 01:01:54.054 [info] Using git "2.34.1" from "git"
2024-06-06 01:01:54.054 [info] > git rev-parse --show-toplevel [4ms]
2024-06-06 01:01:54.054 [info] fatal: not a git repository (or any parent up to mount point /)
Stopping at filesystem boundary (GIT_DISCOVERY_ACROSS_FILESYSTEM not set).
2024-06-06 01:01:54.054 [info] > git rev-parse --show-toplevel [2ms]
2024-06-06 01:01:54.054 [info] fatal: not a git repository (or any parent up to mount point /)
Stopping at filesystem boundary (GIT_DISCOVERY_ACROSS_FILESYSTEM not set).
2024-06-06 01:01:54.054 [info] > git rev-parse --show-toplevel [2ms]
2024-06-06 01:01:54.054 [info] fatal: not a git repository (or any parent up to mount point /)
Stopping at filesystem boundary (GIT_DISCOVERY_ACROSS_FILESYSTEM not set).
2024-06-06 01:01:54.054 [info] > git rev-parse --show-toplevel [4ms]
2024-06-06 01:01:54.054 [info] fatal: not a git repository (or any parent up to mount point /)
Stopping at filesystem boundary (GIT_DISCOVERY_ACROSS_FILESYSTEM not set).
2024-06-06 01:01:54.055 [info] > git rev-parse --show-toplevel [2ms]
2024-06-06 01:01:54.055 [info] fatal: not a git repository (or any parent up to mount point /)
Stopping at filesystem boundary (GIT_DISCOVERY_ACROSS_FILESYSTEM not set).
2024-06-06 01:01:54.063 [info] > git rev-parse --show-toplevel [1ms]
2024-06-06 01:01:54.063 [info] fatal: not a git repository (or any parent up to mount point /)
Stopping at filesystem boundary (GIT_DISCOVERY_ACROSS_FILESYSTEM not set).
2024-06-06 01:01:54.070 [info] > git rev-parse --show-toplevel [2ms]
2024-06-06 01:01:54.070 [info] fatal: not a git repository (or any parent up to mount point /)
Stopping at filesystem boundary (GIT_DISCOVERY_ACROSS_FILESYSTEM not set).
2024-06-06 01:01:54.079 [info] > git rev-parse --show-toplevel [2ms]
2024-06-06 01:01:54.079 [info] fatal: not a git repository (or any parent up to mount point /)
Stopping at filesystem boundary (GIT_DISCOVERY_ACROSS_FILESYSTEM not set).
2024-06-06 01:01:54.115 [info] > git rev-parse --show-toplevel [16ms]
2024-06-06 01:01:54.115 [info] fatal: not a git repository (or any parent up to mount point /)
Stopping at filesystem boundary (GIT_DISCOVERY_ACROSS_FILESYSTEM not set).
2024-06-06 01:01:54.126 [info] > git rev-parse --show-toplevel [2ms]
2024-06-06 01:01:54.126 [info] fatal: not a git repository (or any parent up to mount point /)
Stopping at filesystem boundary (GIT_DISCOVERY_ACROSS_FILESYSTEM not set).
2024-06-06 01:01:54.134 [info] > git rev-parse --show-toplevel [2ms]
2024-06-06 01:01:54.134 [info] fatal: not a git repository (or any parent up to mount point /)
Stopping at filesystem boundary (GIT_DISCOVERY_ACROSS_FILESYSTEM not set).
2024-06-06 01:01:54.143 [info] > git rev-parse --show-toplevel [2ms]
2024-06-06 01:01:54.143 [info] fatal: not a git repository (or any parent up to mount point /)
Stopping at filesystem boundary (GIT_DISCOVERY_ACROSS_FILESYSTEM not set).
2024-06-06 01:01:54.150 [info] > git rev-parse --show-toplevel [1ms]
2024-06-06 01:01:54.150 [info] fatal: not a git repository (or any parent up to mount point /)
Stopping at filesystem boundary (GIT_DISCOVERY_ACROSS_FILESYSTEM not set).
2024-06-06 01:02:00.593 [info] > git rev-parse --show-toplevel [9ms]
2024-06-06 01:02:00.593 [info] fatal: not a git repository (or any parent up to mount point /)
Stopping at filesystem boundary (GIT_DISCOVERY_ACROSS_FILESYSTEM not set).
2024-06-06 01:02:00.685 [info] > git rev-parse --show-toplevel [1ms]
2024-06-06 01:02:00.685 [info] fatal: not a git repository (or any parent up to mount point /)
Stopping at filesystem boundary (GIT_DISCOVERY_ACROSS_FILESYSTEM not set).
