2024-06-12 22:43:53.574 [info] Log level: Info
2024-06-12 22:43:53.574 [info] Validating found git in: "git"
2024-06-12 22:43:53.574 [info] Using git "2.34.1" from "git"
2024-06-12 22:43:53.574 [info] > git rev-parse --show-toplevel [117ms]
2024-06-12 22:43:53.574 [info] fatal: not a git repository (or any parent up to mount point /)
Stopping at filesystem boundary (GIT_DISCOVERY_ACROSS_FILESYSTEM not set).
2024-06-12 22:43:53.574 [info] > git rev-parse --show-toplevel [35ms]
2024-06-12 22:43:53.574 [info] fatal: not a git repository (or any parent up to mount point /)
Stopping at filesystem boundary (GIT_DISCOVERY_ACROSS_FILESYSTEM not set).
2024-06-12 22:43:53.578 [info] > git rev-parse --show-toplevel [5ms]
2024-06-12 22:43:53.579 [info] fatal: not a git repository (or any parent up to mount point /)
Stopping at filesystem boundary (GIT_DISCOVERY_ACROSS_FILESYSTEM not set).
2024-06-12 22:43:53.595 [info] > git rev-parse --show-toplevel [2ms]
2024-06-12 22:43:53.595 [info] fatal: not a git repository (or any parent up to mount point /)
Stopping at filesystem boundary (GIT_DISCOVERY_ACROSS_FILESYSTEM not set).
2024-06-12 22:43:53.607 [info] > git rev-parse --show-toplevel [3ms]
2024-06-12 22:43:53.607 [info] fatal: not a git repository (or any parent up to mount point /)
Stopping at filesystem boundary (GIT_DISCOVERY_ACROSS_FILESYSTEM not set).
2024-06-12 22:43:53.908 [info] > git rev-parse --show-toplevel [292ms]
2024-06-12 22:43:53.908 [info] fatal: not a git repository (or any parent up to mount point /)
Stopping at filesystem boundary (GIT_DISCOVERY_ACROSS_FILESYSTEM not set).
2024-06-12 22:43:53.919 [info] > git rev-parse --show-toplevel [2ms]
2024-06-12 22:43:53.919 [info] fatal: not a git repository (or any parent up to mount point /)
Stopping at filesystem boundary (GIT_DISCOVERY_ACROSS_FILESYSTEM not set).
2024-06-12 22:43:53.935 [info] > git rev-parse --show-toplevel [6ms]
2024-06-12 22:43:53.935 [info] fatal: not a git repository (or any parent up to mount point /)
Stopping at filesystem boundary (GIT_DISCOVERY_ACROSS_FILESYSTEM not set).
2024-06-12 22:43:53.952 [info] > git rev-parse --show-toplevel [2ms]
2024-06-12 22:43:53.952 [info] fatal: not a git repository (or any parent up to mount point /)
Stopping at filesystem boundary (GIT_DISCOVERY_ACROSS_FILESYSTEM not set).
2024-06-12 22:43:53.965 [info] > git rev-parse --show-toplevel [3ms]
2024-06-12 22:43:53.965 [info] fatal: not a git repository (or any parent up to mount point /)
Stopping at filesystem boundary (GIT_DISCOVERY_ACROSS_FILESYSTEM not set).
2024-06-12 22:43:53.974 [info] > git rev-parse --show-toplevel [2ms]
2024-06-12 22:43:53.974 [info] fatal: not a git repository (or any parent up to mount point /)
Stopping at filesystem boundary (GIT_DISCOVERY_ACROSS_FILESYSTEM not set).
2024-06-12 22:43:53.983 [info] > git rev-parse --show-toplevel [2ms]
2024-06-12 22:43:53.983 [info] fatal: not a git repository (or any parent up to mount point /)
Stopping at filesystem boundary (GIT_DISCOVERY_ACROSS_FILESYSTEM not set).
2024-06-12 22:43:54.000 [info] > git rev-parse --show-toplevel [1ms]
2024-06-12 22:43:54.000 [info] fatal: not a git repository (or any parent up to mount point /)
Stopping at filesystem boundary (GIT_DISCOVERY_ACROSS_FILESYSTEM not set).
2024-06-12 22:43:54.009 [info] > git rev-parse --show-toplevel [2ms]
2024-06-12 22:43:54.009 [info] fatal: not a git repository (or any parent up to mount point /)
Stopping at filesystem boundary (GIT_DISCOVERY_ACROSS_FILESYSTEM not set).
2024-06-12 22:43:54.019 [info] > git rev-parse --show-toplevel [2ms]
2024-06-12 22:43:54.019 [info] fatal: not a git repository (or any parent up to mount point /)
Stopping at filesystem boundary (GIT_DISCOVERY_ACROSS_FILESYSTEM not set).
2024-06-12 22:43:54.028 [info] > git rev-parse --show-toplevel [2ms]
2024-06-12 22:43:54.028 [info] fatal: not a git repository (or any parent up to mount point /)
Stopping at filesystem boundary (GIT_DISCOVERY_ACROSS_FILESYSTEM not set).
2024-06-12 22:44:01.336 [info] > git rev-parse --show-toplevel [2ms]
2024-06-12 22:44:01.357 [info] > git rev-parse --git-dir --git-common-dir [2ms]
2024-06-12 22:44:01.376 [info] Open repository: /home/gayathriprasadkadiyala
2024-06-12 22:44:01.421 [info] No remotes found in the git config file.
2024-06-12 22:44:01.423 [info] > git config --get commit.template [23ms]
2024-06-12 22:44:01.425 [info] > git for-each-ref --format=%(refname)%00%(upstream:short)%00%(objectname)%00%(upstream:track)%00%(upstream:remotename)%00%(upstream:remoteref) refs/heads/master refs/remotes/master [5ms]
2024-06-12 22:44:01.426 [warning] No such branch: master.
2024-06-12 22:44:01.457 [info] > git status -z -uall [13ms]
2024-06-12 22:44:01.646 [info] > git config --get commit.template [9ms]
2024-06-12 22:44:01.666 [info] No remotes found in the git config file.
2024-06-12 22:44:01.667 [info] > git for-each-ref --format=%(refname)%00%(upstream:short)%00%(objectname)%00%(upstream:track)%00%(upstream:remotename)%00%(upstream:remoteref) refs/heads/master refs/remotes/master [2ms]
2024-06-12 22:44:01.667 [warning] No such branch: master.
2024-06-12 22:44:01.694 [info] > git status -z -uall [7ms]
2024-06-12 22:44:02.162 [info] > git check-ignore -v -z --stdin [3ms]
2024-06-12 22:44:02.288 [info] > git show --textconv :gayatri/frontend/index.html [22ms]
2024-06-12 22:44:02.291 [info] > git ls-files --stage -- /home/gayathriprasadkadiyala/gayatri/frontend/index.html [5ms]
