2024-06-06 01:01:53.050 [info] Extension host with pid 799 started
2024-06-06 01:01:53.050 [error] Error: EEXIST: file already exists, open '/home/gayathriprasadkadiyala/.codeoss/data/User/workspaceStorage/-1949b3e0/vscode.lock'
2024-06-06 01:01:53.060 [info] Lock '/home/gayathriprasadkadiyala/.codeoss/data/User/workspaceStorage/-1949b3e0/vscode.lock': Could not acquire lock, checking if the file is stale.
2024-06-06 01:01:53.064 [info] Lock '/home/gayathriprasadkadiyala/.codeoss/data/User/workspaceStorage/-1949b3e0/vscode.lock': The pid 1155 appears to be gone.
2024-06-06 01:01:53.064 [info] Lock '/home/gayathriprasadkadiyala/.codeoss/data/User/workspaceStorage/-1949b3e0/vscode.lock': Deleting a stale lock.
2024-06-06 01:01:53.078 [info] Lock '/home/gayathriprasadkadiyala/.codeoss/data/User/workspaceStorage/-1949b3e0/vscode.lock': Lock acquired.
2024-06-06 01:01:53.585 [info] ExtensionService#_doActivateExtension vscode.git-base, startup: true, activationEvent: '*', root cause: vscode.git
2024-06-06 01:01:53.701 [info] ExtensionService#_doActivateExtension vscode.git, startup: true, activationEvent: '*'
2024-06-06 01:01:53.701 [info] ExtensionService#_doActivateExtension vscode.github, startup: true, activationEvent: '*'
2024-06-06 01:02:00.591 [info] Not activating extension 'golang.go': Timed out while searching for 'workspaceContains' pattern *.go,*/*.go,*/*/*.go
2024-06-06 01:02:00.591 [info] Not activating extension 'hashicorp.terraform': Timed out while searching for 'workspaceContains' pattern **/*.tf,**/*.tfvars
2024-06-06 01:02:00.591 [info] Not activating extension 'redhat.fabric8-analytics': Timed out while searching for 'workspaceContains' pattern **/package.json,**/pom.xml,**/requirements.txt,**/go.mod
2024-06-06 01:02:00.591 [info] Not activating extension 'redhat.java': Timed out while searching for 'workspaceContains' pattern */pom.xml,*/build.gradle,*/settings.gradle,*/build.gradle.kts,*/settings.gradle.kts,*/.classpath
2024-06-06 01:02:00.591 [info] Not activating extension 'vscjava.vscode-java-dependency': Timed out while searching for 'workspaceContains' pattern */pom.xml,*/build.gradle,*/settings.gradle,*/build.gradle.kts,*/settings.gradle.kts,*/.classpath
2024-06-06 01:02:00.591 [info] Not activating extension 'vscjava.vscode-java-test': Timed out while searching for 'workspaceContains' pattern */pom.xml,*/build.gradle,*/settings.gradle,*/build.gradle.kts,*/settings.gradle.kts,*/.classpath
2024-06-06 01:02:00.591 [info] Not activating extension 'vscjava.vscode-maven': Timed out while searching for 'workspaceContains' pattern **/pom.xml
2024-06-06 01:02:01.115 [info] Eager extensions activated
2024-06-06 01:02:01.116 [info] ExtensionService#_doActivateExtension EditorConfig.EditorConfig, startup: false, activationEvent: 'onStartupFinished'
2024-06-06 01:02:01.116 [info] ExtensionService#_doActivateExtension google.cloud-shell, startup: false, activationEvent: 'onStartupFinished'
2024-06-06 01:02:01.117 [info] ExtensionService#_doActivateExtension googlecloudtools.cloudcode, startup: false, activationEvent: 'onStartupFinished'
2024-06-06 01:02:01.117 [info] ExtensionService#_doActivateExtension vscode.debug-auto-launch, startup: false, activationEvent: 'onStartupFinished'
2024-06-06 01:02:01.118 [info] ExtensionService#_doActivateExtension vscode.merge-conflict, startup: false, activationEvent: 'onStartupFinished'
2024-06-06 01:02:03.880 [info] ExtensionService#_doActivateExtension vscode.json-language-features, startup: false, activationEvent: 'onLanguage:jsonc'
2024-06-06 01:02:03.880 [info] ExtensionService#_doActivateExtension vscode.typescript-language-features, startup: false, activationEvent: 'onLanguage:jsonc'
2024-06-06 01:02:03.881 [info] ExtensionService#_doActivateExtension vscode.emmet, startup: false, activationEvent: 'onLanguage'
2024-06-06 01:27:59.381 [info] Extension host terminating: received terminate message from renderer
2024-06-06 01:27:59.382 [info] Lock '/home/gayathriprasadkadiyala/.codeoss/data/User/workspaceStorage/-1949b3e0/vscode.lock': Marking the lockfile as scheduled to be released in 6000 ms.
2024-06-06 01:27:59.412 [info] Extension host with pid 799 exiting with code 0
